<?xml version="1.0" encoding="UTF-8"?>
<!-- Generated by org.testng.reporters.JUnitReportReporter -->
<testsuite hostname="DESKTOP-FCLNE8N" failures="0" tests="2" name="TestNgPractice.Dataprovidertest" time="0.008" errors="0" timestamp="2023-08-04T13:23:36 IST" skipped="0">
  <testcase classname="TestNgPractice.Dataprovidertest" name="getData" time="0.001"/>
  <system-out/>
  <testcase classname="TestNgPractice.Dataprovidertest" name="getData" time="0.007"/>
  <system-out/>
</testsuite> <!-- TestNgPractice.Dataprovidertest -->
