<?xml version="1.0" encoding="UTF-8"?>
<!-- Generated by org.testng.reporters.JUnitReportReporter -->
<testsuite hostname="DESKTOP-FCLNE8N" failures="0" tests="3" name="TestNgPractice.DataproviderfromdifferentclassTest" time="0.012" errors="0" timestamp="2023-09-15T10:35:06 IST" skipped="0">
  <testcase classname="TestNgPractice.DataproviderfromdifferentclassTest" name="getData1" time="0.008"/>
  <system-out/>
  <testcase classname="TestNgPractice.DataproviderfromdifferentclassTest" name="getData1" time="0.003"/>
  <system-out/>
  <testcase classname="TestNgPractice.DataproviderfromdifferentclassTest" name="getData1" time="0.001"/>
  <system-out/>
</testsuite> <!-- TestNgPractice.DataproviderfromdifferentclassTest -->
