<?xml version="1.0" encoding="UTF-8"?>
<!-- Generated by org.testng.reporters.JUnitReportReporter -->
<testsuite hostname="DESKTOP-FCLNE8N" failures="0" tests="1" name="XpathPracticeYouTube.youTube" time="8.116" errors="0" timestamp="2023-09-27T22:33:07 IST" skipped="0">
  <testcase classname="XpathPracticeYouTube.youTube" name="InspectuTube" time="8.116"/>
  <system-out/>
</testsuite> <!-- XpathPracticeYouTube.youTube -->
