<?xml version="1.0" encoding="UTF-8"?>
<!-- Generated by org.testng.reporters.JUnitReportReporter -->
<testsuite hostname="DESKTOP-FCLNE8N" failures="0" tests="6" name="TestNgPractice.FetchDatafromExcel" time="0.008" errors="0" timestamp="2023-08-04T16:29:37 IST" skipped="0">
  <testcase classname="TestNgPractice.FetchDatafromExcel" name="fetchData" time="0.001"/>
  <system-out/>
  <testcase classname="TestNgPractice.FetchDatafromExcel" name="fetchData" time="0.001"/>
  <system-out/>
  <testcase classname="TestNgPractice.FetchDatafromExcel" name="fetchData" time="0.000"/>
  <system-out/>
  <testcase classname="TestNgPractice.FetchDatafromExcel" name="fetchData" time="0.001"/>
  <system-out/>
  <testcase classname="TestNgPractice.FetchDatafromExcel" name="fetchData" time="0.004"/>
  <system-out/>
  <testcase classname="TestNgPractice.FetchDatafromExcel" name="fetchData" time="0.001"/>
  <system-out/>
</testsuite> <!-- TestNgPractice.FetchDatafromExcel -->
