<?xml version="1.0" encoding="UTF-8"?>
<!-- Generated by org.testng.reporters.JUnitReportReporter -->
<testsuite hostname="DESKTOP-FCLNE8N" failures="0" tests="1" name="TestNgPractice.TestAnnotationTest" time="0.011" errors="0" timestamp="2023-08-07T11:57:13 IST" skipped="0">
  <testcase classname="TestNgPractice.TestAnnotationTest" name="LoginAsAdmin" time="0.011"/>
  <system-out/>
</testsuite> <!-- TestNgPractice.TestAnnotationTest -->
