<?xml version="1.0" encoding="UTF-8"?>
<!-- Generated by org.testng.reporters.JUnitReportReporter -->
<testsuite hostname="DESKTOP-FCLNE8N" failures="0" tests="2" name="TestNgPractice.AdminLoginTest" time="0.003" errors="0" timestamp="2023-08-09T12:46:42 IST" skipped="0">
  <testcase classname="TestNgPractice.AdminLoginTest" name="LoginasAdmin" time="0.002"/>
  <system-out/>
  <testcase classname="TestNgPractice.AdminLoginTest" name="LogoutasAdmin" time="0.001"/>
  <system-out/>
</testsuite> <!-- TestNgPractice.AdminLoginTest -->
