<?xml version="1.0" encoding="UTF-8"?>
<!-- Generated by org.testng.reporters.JUnitReportReporter -->
<testsuite hostname="DESKTOP-FCLNE8N" failures="0" tests="1" name="XpathPractice.Facebooklogin" time="6.222" errors="0" timestamp="2023-07-28T17:26:16 IST" skipped="0">
  <testcase classname="XpathPractice.Facebooklogin" name="facebook" time="6.222"/>
  <system-out/>
</testsuite> <!-- XpathPractice.Facebooklogin -->
