<?xml version="1.0" encoding="UTF-8"?>
<!-- Generated by org.testng.reporters.JUnitReportReporter -->
<testsuite hostname="DESKTOP-FCLNE8N" failures="0" tests="1" name="TestNgPractice.DoctorLoginTest" time="0.001" errors="0" timestamp="2023-08-09T12:46:42 IST" skipped="0">
  <testcase classname="TestNgPractice.DoctorLoginTest" name="LoginasDoctors" time="0.001"/>
  <system-out/>
</testsuite> <!-- TestNgPractice.DoctorLoginTest -->
