<?xml version="1.0" encoding="UTF-8"?>
<!-- Generated by org.testng.reporters.JUnitReportReporter -->
<testsuite hostname="DESKTOP-FCLNE8N" failures="0" tests="1" name="FrameworkusingBaseclass.UserabletoCreateAccountTest" time="3.046" errors="0" timestamp="2023-08-09T12:48:47 IST" skipped="0">
  <testcase classname="FrameworkusingBaseclass.UserabletoCreateAccountTest" name="UserabletocreateAcc" time="3.046"/>
  <system-out/>
</testsuite> <!-- FrameworkusingBaseclass.UserabletoCreateAccountTest -->
