<?xml version="1.0" encoding="UTF-8"?>
<!-- Generated by org.testng.reporters.JUnitReportReporter -->
<testsuite hostname="DESKTOP-FCLNE8N" failures="0" tests="1" name="FrameworkusingBaseclass.UserabletoLoginTest" time="2.763" errors="0" timestamp="2023-08-09T17:39:30 IST" skipped="0">
  <testcase classname="FrameworkusingBaseclass.UserabletoLoginTest" name="Userabletologin" time="2.763"/>
  <system-out/>
</testsuite> <!-- FrameworkusingBaseclass.UserabletoLoginTest -->
