<?xml version="1.0" encoding="UTF-8"?>
<!-- Generated by org.testng.reporters.JUnitReportReporter -->
<testsuite hostname="DESKTOP-FCLNE8N" failures="0" tests="2" name="TestNgPractice.userRigistrationTest" time="0.007" errors="0" timestamp="2023-08-09T12:46:42 IST" skipped="0">
  <testcase classname="TestNgPractice.userRigistrationTest" name="RigisterUser" time="0.002"/>
  <system-out/>
  <testcase classname="TestNgPractice.userRigistrationTest" name="LoginUser" time="0.005"/>
  <system-out/>
</testsuite> <!-- TestNgPractice.userRigistrationTest -->
