<?xml version="1.0" encoding="UTF-8"?>
<!-- Generated by org.testng.reporters.JUnitReportReporter -->
<testsuite hostname="DESKTOP-FCLNE8N" failures="0" tests="2" name="TestNgPractice.TestAnnotationbyTwoTest" time="0.012" errors="0" timestamp="2023-08-07T12:38:33 IST" skipped="0">
  <testcase classname="TestNgPractice.TestAnnotationbyTwoTest" name="LoginAsAdmin" time="0.011"/>
  <system-out/>
  <testcase classname="TestNgPractice.TestAnnotationbyTwoTest" name="Loginasuser" time="0.001"/>
  <system-out/>
</testsuite> <!-- TestNgPractice.TestAnnotationbyTwoTest -->
