<?xml version="1.0" encoding="UTF-8"?>
<!-- Generated by org.testng.reporters.JUnitReportReporter -->
<testsuite hostname="DESKTOP-FCLNE8N" failures="0" tests="1" name="TestNgPractice.TestNGRun" time="1.407" errors="0" timestamp="2023-08-07T13:02:03 IST" skipped="0">
  <testcase classname="TestNgPractice.TestNGRun" name="testrun" time="1.407"/>
  <system-out/>
</testsuite> <!-- TestNgPractice.TestNGRun -->
