<?xml version="1.0" encoding="UTF-8"?>
<!-- Generated by org.testng.reporters.JUnitReportReporter -->
<testsuite hostname="DESKTOP-FCLNE8N" failures="0" tests="1" name="FrameworkusingBaseclass.CheckingParticularMedicalHistoryTest" time="1.461" errors="0" timestamp="2023-08-09T17:39:30 IST" skipped="0">
  <testcase classname="FrameworkusingBaseclass.CheckingParticularMedicalHistoryTest" name="Checkmedicalhistory" time="1.461"/>
  <system-out/>
</testsuite> <!-- FrameworkusingBaseclass.CheckingParticularMedicalHistoryTest -->
