<?xml version="1.0" encoding="UTF-8"?>
<!-- Generated by org.testng.reporters.JUnitReportReporter -->
<testsuite hostname="DESKTOP-FCLNE8N" failures="0" tests="11" name="TestNgPractice.DPGeneric_Test" time="0.015" errors="0" timestamp="2023-08-04T16:51:32 IST" skipped="0">
  <testcase classname="TestNgPractice.DPGeneric_Test" name="excelMdata" time="0.006"/>
  <system-out/>
  <testcase classname="TestNgPractice.DPGeneric_Test" name="exceldata" time="0.001"/>
  <system-out/>
  <testcase classname="TestNgPractice.DPGeneric_Test" name="exceldata" time="0.001"/>
  <system-out/>
  <testcase classname="TestNgPractice.DPGeneric_Test" name="excelMdata" time="0.001"/>
  <system-out/>
  <testcase classname="TestNgPractice.DPGeneric_Test" name="exceldata" time="0.001"/>
  <system-out/>
  <testcase classname="TestNgPractice.DPGeneric_Test" name="excelMdata" time="0.001"/>
  <system-out/>
  <testcase classname="TestNgPractice.DPGeneric_Test" name="excelMdata" time="0.000"/>
  <system-out/>
  <testcase classname="TestNgPractice.DPGeneric_Test" name="excelMdata" time="0.001"/>
  <system-out/>
  <testcase classname="TestNgPractice.DPGeneric_Test" name="exceldata" time="0.002"/>
  <system-out/>
  <testcase classname="TestNgPractice.DPGeneric_Test" name="exceldata" time="0.000"/>
  <system-out/>
  <testcase classname="TestNgPractice.DPGeneric_Test" name="exceldata" time="0.001"/>
  <system-out/>
</testsuite> <!-- TestNgPractice.DPGeneric_Test -->
