<?xml version="1.0" encoding="UTF-8"?>
<!-- Generated by org.testng.reporters.JUnitReportReporter -->
<testsuite hostname="DESKTOP-FCLNE8N" failures="0" tests="3" name="TestNgPractice.TestngIPDep" time="0.016" errors="0" timestamp="2023-08-04T12:29:35 IST" skipped="0">
  <testcase classname="TestNgPractice.TestngIPDep" name="createdata" time="0.001"/>
  <system-out/>
  <testcase classname="TestNgPractice.TestngIPDep" name="editdata" time="0.014"/>
  <system-out/>
  <testcase classname="TestNgPractice.TestngIPDep" name="deletedata" time="0.001"/>
  <system-out/>
</testsuite> <!-- TestNgPractice.TestngIPDep -->
